c:\users\benja\source\repos\racing\x64\debug\vc142.pdb
c:\users\benja\source\repos\racing\x64\debug\vc142.idb
c:\users\benja\source\repos\racing\x64\debug\main.obj
c:\users\benja\source\repos\racing\x64\debug\main._cp.obj
c:\users\benja\source\repos\racing\x64\debug\globals.obj
c:\users\benja\source\repos\racing\x64\debug\game.obj
c:\users\benja\source\repos\racing\x64\debug\menustate.obj
c:\users\benja\source\repos\racing\x64\debug\loading.obj
c:\users\benja\source\repos\racing\x64\debug\playstate.obj
c:\users\benja\source\repos\racing\x64\debug\car.obj
c:\users\benja\source\repos\racing\x64\debug\racing.exe
c:\users\benja\source\repos\racing\x64\debug\racing.ilk
c:\users\benja\source\repos\racing\x64\debug\racing.pdb
c:\users\benja\source\repos\racing\x64\debug\main_cp.obj
c:\users\benja\source\repos\racing\x64\debug\racing.tlog\cl.command.1.tlog
c:\users\benja\source\repos\racing\x64\debug\racing.tlog\cl.read.1.tlog
c:\users\benja\source\repos\racing\x64\debug\racing.tlog\cl.write.1.tlog
c:\users\benja\source\repos\racing\x64\debug\racing.tlog\link.command.1.tlog
c:\users\benja\source\repos\racing\x64\debug\racing.tlog\link.read.1.tlog
c:\users\benja\source\repos\racing\x64\debug\racing.tlog\link.write.1.tlog
